<?xml version="1.0" encoding="UTF-8"?>
<!-- Generated by org.testng.reporters.JUnitReportReporter -->
<testsuite skipped="0" hostname="ReshmaWilson" name="testcase.TC_002_LogOut" tests="1" failures="0" timestamp="2023-10-21T13:52:01 IST" time="4.587" errors="0">
  <testcase name="LogOut" time="4.587" classname="testcase.TC_002_LogOut"/>
  <system-out/>
</testsuite> <!-- testcase.TC_002_LogOut -->
