<?xml version="1.0" encoding="UTF-8"?>
<!-- Generated by org.testng.reporters.JUnitReportReporter -->
<testsuite skipped="0" hostname="ReshmaWilson" name="testcase.TC_001_Login" tests="2" failures="0" timestamp="2023-10-21T19:42:32 IST" time="10.382" errors="0">
  <testcase name="logindataTC" time="5.639" classname="testcase.TC_001_Login"/>
  <system-out/>
  <testcase name="logindataTC" time="4.743" classname="testcase.TC_001_Login"/>
  <system-out/>
</testsuite> <!-- testcase.TC_001_Login -->
