<?xml version="1.0" encoding="UTF-8"?>
<!-- Generated by org.testng.reporters.JUnitReportReporter -->
<testsuite skipped="0" hostname="ReshmaWilson" name="testcase.TC_001_Student" tests="1" failures="0" timestamp="2024-04-11T18:03:30 IST" time="9.934" errors="0">
  <testcase name="Studentdata" time="9.934" classname="testcase.TC_001_Student"/>
  <system-out/>
</testsuite> <!-- testcase.TC_001_Student -->
