<?xml version="1.0" encoding="UTF-8"?>
<!-- Generated by org.testng.reporters.JUnitReportReporter -->
<testsuite skipped="0" hostname="ReshmaWilson" name="testcase.TC_002_Academy" tests="1" failures="0" timestamp="2024-04-11T19:29:49 IST" time="19.778" errors="0">
  <testcase name="AcademyData" time="19.778" classname="testcase.TC_002_Academy"/>
  <system-out/>
</testsuite> <!-- testcase.TC_002_Academy -->
