<?xml version="1.0" encoding="UTF-8"?>
<!-- Generated by org.testng.reporters.JUnitReportReporter -->
<testsuite skipped="0" hostname="ReshmaWilson" name="testcase.TC_001_Login" tests="1" failures="0" timestamp="2023-10-21T23:31:57 IST" time="12.938" errors="0">
  <testcase name="logindata" time="12.938" classname="testcase.TC_001_Login"/>
  <system-out/>
</testsuite> <!-- testcase.TC_001_Login -->
